[FATAL] 2019-12-12 08:28:09,466 com.edu.utils.Log - expectedValue doesn't match actualValue,actual Value is :No message available; expected Value is :fail
[FATAL] 2019-12-12 08:45:38,177 com.edu.utils.Log - expectedValue doesn't match actualValue,actual Value is :No message available; expected Value is :fail
[FATAL] 2019-12-12 08:48:18,574 com.edu.utils.Log - expectedValue doesn't match actualValue,actual Value is :No message available; expected Value is :success
[FATAL] 2019-12-12 08:48:18,601 com.edu.utils.Log - expectedValue doesn't match actualValue,actual Value is :No message available; expected Value is :fail
[FATAL] 2019-12-12 08:50:04,158 com.edu.utils.Log - expectedValue doesn't match actualValue,actual Value is :No message available; expected Value is :success
[FATAL] 2019-12-12 08:50:04,182 com.edu.utils.Log - expectedValue doesn't match actualValue,actual Value is :No message available; expected Value is :fail
[FATAL] 2019-12-12 08:56:40,351 com.edu.utils.Log - expectedValue doesn't match actualValue,actual Value is :Required request body is missing: public net.sf.json.JSONObject com.example.demo.AddressList.getByJSON(net.sf.json.JSONObject,javax.servlet.http.HttpServletResponse); expected Value is :success
[FATAL] 2019-12-12 08:56:40,380 com.edu.utils.Log - expectedValue doesn't match actualValue,actual Value is :Required request body is missing: public net.sf.json.JSONObject com.example.demo.AddressList.getByJSON(net.sf.json.JSONObject,javax.servlet.http.HttpServletResponse); expected Value is :fail
[FATAL] 2019-12-12 09:00:16,946 com.edu.utils.Log - expectedValue doesn't match actualValue,actual Value is :Required request body is missing: public net.sf.json.JSONObject com.example.demo.AddressList.getByJSON(net.sf.json.JSONObject,javax.servlet.http.HttpServletResponse); expected Value is :success
[FATAL] 2019-12-12 09:00:16,976 com.edu.utils.Log - expectedValue doesn't match actualValue,actual Value is :Required request body is missing: public net.sf.json.JSONObject com.example.demo.AddressList.getByJSON(net.sf.json.JSONObject,javax.servlet.http.HttpServletResponse); expected Value is :fail
[FATAL] 2019-12-12 09:06:40,063 com.edu.utils.Log - expectedValue doesn't match actualValue,actual Value is :Required request body is missing: public net.sf.json.JSONObject com.example.demo.AddressList.getByJSON(net.sf.json.JSONObject,javax.servlet.http.HttpServletResponse); expected Value is :success
[FATAL] 2019-12-12 09:06:40,091 com.edu.utils.Log - expectedValue doesn't match actualValue,actual Value is :Required request body is missing: public net.sf.json.JSONObject com.example.demo.AddressList.getByJSON(net.sf.json.JSONObject,javax.servlet.http.HttpServletResponse); expected Value is :fail
[FATAL] 2019-12-12 09:08:39,318 com.edu.utils.Log - expectedValue doesn't match actualValue,actual Value is :Required request body is missing: public net.sf.json.JSONObject com.example.demo.AddressList.getByJSON(net.sf.json.JSONObject); expected Value is :success
[FATAL] 2019-12-12 09:08:39,352 com.edu.utils.Log - expectedValue doesn't match actualValue,actual Value is :Required request body is missing: public net.sf.json.JSONObject com.example.demo.AddressList.getByJSON(net.sf.json.JSONObject); expected Value is :fail
[FATAL] 2019-12-12 09:28:29,610 com.edu.utils.Log - expectedValue doesn't match actualValue,actual Value is :Required String parameter 'jsonParam' is not present; expected Value is :success
[FATAL] 2019-12-12 09:28:29,630 com.edu.utils.Log - expectedValue doesn't match actualValue,actual Value is :Required String parameter 'jsonParam' is not present; expected Value is :fail
[FATAL] 2019-12-12 09:56:19,995 com.edu.utils.Log - expectedValue doesn't match actualValue,actual Value is :Required String parameter 'jsonParam' is not present; expected Value is :success
[FATAL] 2019-12-12 09:56:20,059 com.edu.utils.Log - expectedValue doesn't match actualValue,actual Value is :Required String parameter 'jsonParam' is not present; expected Value is :fail
[FATAL] 2019-12-12 10:04:11,872 com.edu.utils.Log - expectedValue doesn't match actualValue,actual Value is :No message available; expected Value is :fail
[FATAL] 2019-12-12 10:06:45,936 com.edu.utils.Log - expectedValue doesn't match actualValue,actual Value is :No message available; expected Value is :fail
[FATAL] 2019-12-12 10:08:22,795 com.edu.utils.Log - expectedValue doesn't match actualValue,actual Value is :No message available; expected Value is :fail
